<?xml version="1.0" encoding="UTF-8"?>
<!-- Generated by org.testng.reporters.JUnitReportReporter -->
<testsuite skipped="0" hostname="BLTSL02166" name="com.project.tests.Number_of_Menu_Items" tests="1" failures="0" timestamp="2020-07-14T17:26:09 IST" time="32.553" errors="0">
  <testcase name="menuItemsList" time="32.553" classname="com.project.tests.Number_of_Menu_Items"/>
  <system-out/>
</testsuite> <!-- com.project.tests.Number_of_Menu_Items -->
