<?xml version="1.0" encoding="UTF-8"?>
<!-- Generated by org.testng.reporters.JUnitReportReporter -->
<testsuite skipped="0" hostname="BLTSL02166" name="com.project.tests.Xperia" tests="1" failures="0" timestamp="2020-07-30T13:31:00 IST" time="149.608" errors="0">
  <testcase name="setUp" time="149.608" classname="com.project.tests.Xperia"/>
  <system-out/>
</testsuite> <!-- com.project.tests.Xperia -->
