<?xml version="1.0" encoding="UTF-8"?>
<!-- Generated by org.testng.reporters.JUnitReportReporter -->
<testsuite skipped="0" hostname="BLTSL02166" name="com.project.tests.menuItemsValidation" tests="1" failures="0" timestamp="2020-07-14T17:18:38 IST" time="29.526" errors="0">
  <testcase name="menuItemsList" time="29.526" classname="com.project.tests.menuItemsValidation"/>
  <system-out/>
</testsuite> <!-- com.project.tests.menuItemsValidation -->
