<?xml version="1.0" encoding="UTF-8"?>
<!-- Generated by org.testng.reporters.JUnitReportReporter -->
<testsuite skipped="0" hostname="BLTSL02166" name="com.project.tests.ProductAddTest" tests="1" failures="0" timestamp="2020-07-14T00:18:06 IST" time="44.744" errors="0">
  <testcase name="RegistrationTest" time="44.744" classname="com.project.tests.ProductAddTest"/>
  <system-out/>
</testsuite> <!-- com.project.tests.ProductAddTest -->
